# JRE version: OpenJDK Runtime Environment (8.0_242-b01) (build 1.8.0_242-release-1644-b01)
# Java VM: OpenJDK 64-Bit Server VM (25.242-b01 mixed mode windows-amd64 compressed oops)
Heap:
 PSYoungGen      total 236544K, used 234479K [0x00000000d5580000, 0x00000000e5e80000, 0x0000000100000000)
  eden space 215552K, 99% used [0x00000000d5580000,0x00000000e25fd708,0x00000000e2800000)
  from space 20992K, 99% used [0x00000000e4080000,0x00000000e54fe510,0x00000000e5500000)
  to   space 25088K, 0% used [0x00000000e2800000,0x00000000e2800000,0x00000000e4080000)
 ParOldGen       total 132608K, used 36504K [0x0000000080000000, 0x0000000088180000, 0x00000000d5580000)
  object space 132608K, 27% used [0x0000000080000000,0x00000000823a62e0,0x0000000088180000)
 Metaspace       used 71452K, capacity 74452K, committed 74664K, reserved 1114112K
  class space    used 9503K, capacity 10112K, committed 10160K, reserved 1048576K
GC Heap History (10 events):
Event: 19.668 GC heap before
{Heap before GC invocations=13 (full 2):
 PSYoungGen      total 151552K, used 151535K [0x00000000d5580000, 0x00000000e0100000, 0x0000000100000000)
  eden space 139264K, 100% used [0x00000000d5580000,0x00000000ddd80000,0x00000000ddd80000)
  from space 12288K, 99% used [0x00000000df500000,0x00000000e00fbfd8,0x00000000e0100000)
  to   space 14336K, 0% used [0x00000000de500000,0x00000000de500000,0x00000000df300000)
 ParOldGen       total 83968K, used 16869K [0x0000000080000000, 0x0000000085200000, 0x00000000d5580000)
  object space 83968K, 20% used [0x0000000080000000,0x0000000081079698,0x0000000085200000)
 Metaspace       used 53892K, capacity 55716K, committed 55976K, reserved 1097728K
  class space    used 7309K, capacity 7737K, committed 7856K, reserved 1048576K
Event: 19.711 GC heap after
Heap after GC invocations=13 (full 2):
 PSYoungGen      total 161280K, used 14327K [0x00000000d5580000, 0x00000000e2c00000, 0x0000000100000000)
  eden space 146944K, 0% used [0x00000000d5580000,0x00000000d5580000,0x00000000de500000)
  from space 14336K, 99% used [0x00000000de500000,0x00000000df2fde60,0x00000000df300000)
  to   space 19456K, 0% used [0x00000000e1900000,0x00000000e1900000,0x00000000e2c00000)
 ParOldGen       total 83968K, used 26153K [0x0000000080000000, 0x0000000085200000, 0x00000000d5580000)
  object space 83968K, 31% used [0x0000000080000000,0x000000008198a4e8,0x0000000085200000)
 Metaspace       used 53892K, capacity 55716K, committed 55976K, reserved 1097728K
  class space    used 7309K, capacity 7737K, committed 7856K, reserved 1048576K
}
Event: 20.827 GC heap before
{Heap before GC invocations=14 (full 2):
 PSYoungGen      total 161280K, used 65252K [0x00000000d5580000, 0x00000000e2c00000, 0x0000000100000000)
  eden space 146944K, 34% used [0x00000000d5580000,0x00000000d873b340,0x00000000de500000)
  from space 14336K, 99% used [0x00000000de500000,0x00000000df2fde60,0x00000000df300000)
  to   space 19456K, 0% used [0x00000000e1900000,0x00000000e1900000,0x00000000e2c00000)
 ParOldGen       total 83968K, used 26153K [0x0000000080000000, 0x0000000085200000, 0x00000000d5580000)
  object space 83968K, 31% used [0x0000000080000000,0x000000008198a4e8,0x0000000085200000)
 Metaspace       used 57084K, capacity 59010K, committed 59160K, reserved 1099776K
  class space    used 7825K, capacity 8267K, committed 8368K, reserved 1048576K
Event: 20.853 GC heap after
Heap after GC invocations=14 (full 2):
 PSYoungGen      total 200704K, used 4879K [0x00000000d5580000, 0x00000000e3680000, 0x0000000100000000)
  eden space 181248K, 0% used [0x00000000d5580000,0x00000000d5580000,0x00000000e0680000)
  from space 19456K, 25% used [0x00000000e1900000,0x00000000e1dc3c68,0x00000000e2c00000)
  to   space 18944K, 0% used [0x00000000e0680000,0x00000000e0680000,0x00000000e1900000)
 ParOldGen       total 83968K, used 36458K [0x0000000080000000, 0x0000000085200000, 0x00000000d5580000)
  object space 83968K, 43% used [0x0000000080000000,0x000000008239a948,0x0000000085200000)
 Metaspace       used 57084K, capacity 59010K, committed 59160K, reserved 1099776K
  class space    used 7825K, capacity 8267K, committed 8368K, reserved 1048576K
}
Event: 20.853 GC heap before
{Heap before GC invocations=15 (full 3):
 PSYoungGen      total 200704K, used 4879K [0x00000000d5580000, 0x00000000e3680000, 0x0000000100000000)
  eden space 181248K, 0% used [0x00000000d5580000,0x00000000d5580000,0x00000000e0680000)
  from space 19456K, 25% used [0x00000000e1900000,0x00000000e1dc3c68,0x00000000e2c00000)
  to   space 18944K, 0% used [0x00000000e0680000,0x00000000e0680000,0x00000000e1900000)
 ParOldGen       total 83968K, used 36458K [0x0000000080000000, 0x0000000085200000, 0x00000000d5580000)
  object space 83968K, 43% used [0x0000000080000000,0x000000008239a948,0x0000000085200000)
 Metaspace       used 57084K, capacity 59010K, committed 59160K, reserved 1099776K
  class space    used 7825K, capacity 8267K, committed 8368K, reserved 1048576K
Event: 21.286 GC heap after
Heap after GC invocations=15 (full 3):
 PSYoungGen      total 200704K, used 0K [0x00000000d5580000, 0x00000000e3680000, 0x0000000100000000)
  eden space 181248K, 0% used [0x00000000d5580000,0x00000000d5580000,0x00000000e0680000)
  from space 19456K, 0% used [0x00000000e1900000,0x00000000e1900000,0x00000000e2c00000)
  to   space 18944K, 0% used [0x00000000e0680000,0x00000000e0680000,0x00000000e1900000)
 ParOldGen       total 132608K, used 33993K [0x0000000080000000, 0x0000000088180000, 0x00000000d5580000)
  object space 132608K, 25% used [0x0000000080000000,0x00000000821326a8,0x0000000088180000)
 Metaspace       used 57072K, capacity 58968K, committed 59160K, reserved 1099776K
  class space    used 7821K, capacity 8260K, committed 8368K, reserved 1048576K
}
Event: 25.744 GC heap before
{Heap before GC invocations=16 (full 3):
 PSYoungGen      total 200704K, used 181248K [0x00000000d5580000, 0x00000000e3680000, 0x0000000100000000)
  eden space 181248K, 100% used [0x00000000d5580000,0x00000000e0680000,0x00000000e0680000)
  from space 19456K, 0% used [0x00000000e1900000,0x00000000e1900000,0x00000000e2c00000)
  to   space 18944K, 0% used [0x00000000e0680000,0x00000000e0680000,0x00000000e1900000)
 ParOldGen       total 132608K, used 33993K [0x0000000080000000, 0x0000000088180000, 0x00000000d5580000)
  object space 132608K, 25% used [0x0000000080000000,0x00000000821326a8,0x0000000088180000)
 Metaspace       used 61678K, capacity 64256K, committed 64296K, reserved 1103872K
  class space    used 8442K, capacity 8992K, committed 9008K, reserved 1048576K
Event: 25.772 GC heap after
Heap after GC invocations=16 (full 3):
 PSYoungGen      total 200192K, used 17328K [0x00000000d5580000, 0x00000000e5500000, 0x0000000100000000)
  eden space 181248K, 0% used [0x00000000d5580000,0x00000000d5580000,0x00000000e0680000)
  from space 18944K, 91% used [0x00000000e0680000,0x00000000e176c378,0x00000000e1900000)
  to   space 20992K, 0% used [0x00000000e4080000,0x00000000e4080000,0x00000000e5500000)
 ParOldGen       total 132608K, used 34001K [0x0000000080000000, 0x0000000088180000, 0x00000000d5580000)
  object space 132608K, 25% used [0x0000000080000000,0x00000000821346a8,0x0000000088180000)
 Metaspace       used 61678K, capacity 64256K, committed 64296K, reserved 1103872K
  class space    used 8442K, capacity 8992K, committed 9008K, reserved 1048576K
}
Event: 29.241 GC heap before
{Heap before GC invocations=17 (full 3):
 PSYoungGen      total 200192K, used 198576K [0x00000000d5580000, 0x00000000e5500000, 0x0000000100000000)
  eden space 181248K, 100% used [0x00000000d5580000,0x00000000e0680000,0x00000000e0680000)
  from space 18944K, 91% used [0x00000000e0680000,0x00000000e176c378,0x00000000e1900000)
  to   space 20992K, 0% used [0x00000000e4080000,0x00000000e4080000,0x00000000e5500000)
 ParOldGen       total 132608K, used 34001K [0x0000000080000000, 0x0000000088180000, 0x00000000d5580000)
  object space 132608K, 25% used [0x0000000080000000,0x00000000821346a8,0x0000000088180000)
 Metaspace       used 62788K, capacity 65534K, committed 65832K, reserved 1105920K
  class space    used 8592K, capacity 9199K, committed 9264K, reserved 1048576K
Event: 29.311 GC heap after
Heap after GC invocations=17 (full 3):
 PSYoungGen      total 236544K, used 20985K [0x00000000d5580000, 0x00000000e5e80000, 0x0000000100000000)
  eden space 215552K, 0% used [0x00000000d5580000,0x00000000d5580000,0x00000000e2800000)
  from space 20992K, 99% used [0x00000000e4080000,0x00000000e54fe510,0x00000000e5500000)
  to   space 25088K, 0% used [0x00000000e2800000,0x00000000e2800000,0x00000000e4080000)
 ParOldGen       total 132608K, used 36504K [0x0000000080000000, 0x0000000088180000, 0x00000000d5580000)
  object space 132608K, 27% used [0x0000000080000000,0x00000000823a62e0,0x0000000088180000)
 Metaspace       used 62788K, capacity 65534K, committed 65832K, reserved 1105920K
  class space    used 8592K, capacity 9199K, committed 9264K, reserved 1048576K
}

